0 info it worked if it ends with ok
1 verbose cli [
1 verbose cli   '/home/stuart/.nvm/versions/node/v20.10.0/bin/node',
1 verbose cli   '/home/stuart/Documents/Personal/node_modules/.bin/npm',
1 verbose cli   'run',
1 verbose cli   'preview'
1 verbose cli ]
2 info using npm@2.15.12
3 info using node@v20.10.0
4 verbose stack Error: missing script: preview
4 verbose stack     at run (/home/stuart/Documents/Personal/node_modules/npm/lib/run-script.js:142:19)
4 verbose stack     at /home/stuart/Documents/Personal/node_modules/npm/lib/run-script.js:58:5
4 verbose stack     at /home/stuart/Documents/Personal/node_modules/npm/node_modules/read-package-json/read-json.js:356:5
4 verbose stack     at checkBinReferences_ (/home/stuart/Documents/Personal/node_modules/npm/node_modules/read-package-json/read-json.js:320:45)
4 verbose stack     at final (/home/stuart/Documents/Personal/node_modules/npm/node_modules/read-package-json/read-json.js:354:3)
4 verbose stack     at then (/home/stuart/Documents/Personal/node_modules/npm/node_modules/read-package-json/read-json.js:124:5)
4 verbose stack     at /home/stuart/Documents/Personal/node_modules/npm/node_modules/read-package-json/read-json.js:311:12
4 verbose stack     at /home/stuart/Documents/Personal/node_modules/npm/node_modules/graceful-fs/graceful-fs.js:78:16
4 verbose stack     at FSReqCallback.readFileAfterClose [as oncomplete] (node:internal/fs/read/context:68:3)
5 verbose cwd /home/stuart/Documents/Personal/word-maze
6 error Linux 5.15.133.1-microsoft-standard-WSL2
7 error argv "/home/stuart/.nvm/versions/node/v20.10.0/bin/node" "/home/stuart/Documents/Personal/node_modules/.bin/npm" "run" "preview"
8 error node v20.10.0
9 error npm  v2.15.12
10 error missing script: preview
11 error If you need help, you may report this error at:
11 error     <https://github.com/npm/npm/issues>
12 verbose exit [ 1, true ]
